[wpblognews.com/demo/thebestdesigns/css-responsive-mega-drop-down-menu/index.html]
[backblue.gif]
[fade.gif]
[index.html]
[wpblognews.com/demo/thebestdesigns/css-responsive-mega-drop-down-menu/js/jquery-1.11.3.min.js]
[wpblognews.com/demo/thebestdesigns/css-responsive-mega-drop-down-menu/js/mega_menu.min.js]
[wpblognews.com/demo/thebestdesigns/css-responsive-mega-drop-down-menu/images/bg.png]
[wpblognews.com/demo/thebestdesigns/css-responsive-mega-drop-down-menu/images/ufo.png]
[wpblognews.com/demo/thebestdesigns/css-responsive-mega-drop-down-menu/images/icons/brush_64px.png]
[wpblognews.com/demo/thebestdesigns/css-responsive-mega-drop-down-menu/images/icons/palette_2_64px.png]
[wpblognews.com/demo/thebestdesigns/css-responsive-mega-drop-down-menu/images/icons/palette_64px.png]
[wpblognews.com/demo/thebestdesigns/css-responsive-mega-drop-down-menu/images/img.jpg]
[wpblognews.com/demo/thebestdesigns/css-responsive-mega-drop-down-menu/index.html]
[wpblognews.com/demo/thebestdesigns/css-responsive-mega-drop-down-menu/css/mega_menu.min.css]
[wpblognews.com/demo/thebestdesigns/css-responsive-mega-drop-down-menu/css/demo.css]
[wpblognews.com/demo/thebestdesigns/css-responsive-mega-drop-down-menu/fonts/fontawesome-webfonte0a5.eot]
[wpblognews.com/demo/thebestdesigns/css-responsive-mega-drop-down-menu/fonts/fontawesome-webfontd41d.eot]
[wpblognews.com/demo/thebestdesigns/css-responsive-mega-drop-down-menu/fonts/fontawesome-webfonte0a5.woff2]
[wpblognews.com/demo/thebestdesigns/css-responsive-mega-drop-down-menu/fonts/fontawesome-webfonte0a5.woff]
[wpblognews.com/demo/thebestdesigns/css-responsive-mega-drop-down-menu/fonts/fontawesome-webfonte0a5.ttf]
[wpblognews.com/demo/thebestdesigns/css-responsive-mega-drop-down-menu/css/font-awesome.min.css]
[wpblognews.com/demo/thebestdesigns/css-responsive-mega-drop-down-menu/css/menu_menu_reset.min.css]
[wpblognews.com/demo/thebestdesigns/css-responsive-mega-drop-down-menu/fonts/fontawesome-webfonte0a5.svg]
